1.000000000000000021e-03 3.890000000000000124e+00
2.505050505050504875e-03 9.744646464646464779e+00
4.010101010101010596e-03 1.559929292929293076e+01
5.515151515151515450e-03 2.145393939393939675e+01
7.020202020202020304e-03 2.730858585858585741e+01
8.525252525252526026e-03 3.247323088588774453e+01
1.003030303030303175e-02 3.622446404689682709e+01
1.153535353535353400e-02 3.921637978127282764e+01
1.304040404040403972e-02 4.167911083497537561e+01
1.454545454545454544e-02 4.375491986814306244e+01
1.605050505050505116e-02 4.553714142139857302e+01
1.755555555555555688e-02 4.708992644249778436e+01
1.906060606060606261e-02 4.845904848326034653e+01
2.056565656565656833e-02 4.967818839560199251e+01
2.207070707070707058e-02 5.077277500581366354e+01
2.357575757575757630e-02 5.176243093794208505e+01
2.508080808080808202e-02 5.266258538504254005e+01
2.658585858585858774e-02 5.348556979868055805e+01
2.809090909090909347e-02 5.424138180071680182e+01
2.959595959595959572e-02 5.493822998629141097e+01
3.110101010101010144e-02 5.558293031483741231e+01
3.260606060606061063e-02 5.618119969647122502e+01
3.411111111111111288e-02 5.673787692827951901e+01
3.561616161616161513e-02 5.725709136105207619e+01
3.712121212121212432e-02 5.774239334601555385e+01
3.862626262626262658e-02 5.819685632140161147e+01
4.013131313131313577e-02 5.862315757164449082e+01
4.163636363636363802e-02 5.902364275043305497e+01
4.314141414141414027e-02 5.940037790368562298e+01
4.464646464646464946e-02 5.975519176853273251e+01
4.615151515151515171e-02 6.008971043500100961e+01
4.765656565656566090e-02 6.040538595573141833e+01
4.916161616161616316e-02 6.070352012016550702e+01
5.066666666666666541e-02 6.098528433522874082e+01
5.217171717171717460e-02 6.125173634834735026e+01
5.367676767676767685e-02 6.150383439222665061e+01
5.518181818181818604e-02 6.174244921111571927e+01
5.668686868686868829e-02 6.196837433590780364e+01
5.819191919191919055e-02 6.218233490358120719e+01
5.969696969696969974e-02 6.238499526019180763e+01
6.120202020202020199e-02 6.257696554221642771e+01
6.270707070707071118e-02 6.275880739577419831e+01
6.421212121212122037e-02 6.293103896506583794e+01
6.571717171717171568e-02 6.309413925871395179e+01
6.722222222222222487e-02 6.324855198437074932e+01
6.872727272727273407e-02 6.339468892707497361e+01
7.023232323232322938e-02 6.353293293468243519e+01
7.173737373737373857e-02 6.366364056371514835e+01
7.324242424242424776e-02 6.378714443074694884e+01
7.474747474747474307e-02 6.390375530762958789e+01
7.625252525252525226e-02 6.401376399319573807e+01
7.775757575757576145e-02 6.411744298934436870e+01
7.926262626262627065e-02 6.421504800544697389e+01
8.076767676767676596e-02 6.430681931167653431e+01
8.227272727272727515e-02 6.439298295904275449e+01
8.377777777777778434e-02 6.447375188153147008e+01
8.528282828282827965e-02 6.454932689371557331e+01
8.678787878787878884e-02 6.461989759547682866e+01
8.829292929292929804e-02 6.468564319399595774e+01
8.979797979797979335e-02 6.474673325190231310e+01
9.130303030303030254e-02 6.480332836938009677e+01
9.280808080808081173e-02 6.485558080708882756e+01
9.431313131313132092e-02 6.490363505594001481e+01
9.581818181818181623e-02 6.494762835906766441e+01
9.732323232323232542e-02 6.498769119071545219e+01
9.882828282828283462e-02 6.502394769623059290e+01
1.003333333333333299e-01 6.505651609688615622e+01
1.018383838383838391e-01 6.508550906284733628e+01
1.033434343434343483e-01 6.511103405723775950e+01
1.048484848484848575e-01 6.513319365394748672e+01
1.063535353535353528e-01 6.515208583154864641e+01
1.078585858585858620e-01 6.516780424543883043e+01
1.093636363636363712e-01 6.518043848011672026e+01
1.108686868686868665e-01 6.519007428330409937e+01
1.123737373737373757e-01 6.519679378345755083e+01
1.138787878787878849e-01 6.520067569206315738e+01
1.153838383838383802e-01 6.520179549197267477e+01
1.168888888888888894e-01 6.520022561292145724e+01
1.183939393939393986e-01 6.519603559525820913e+01
1.198989898989899078e-01 6.518929224282628354e+01
1.214040404040404031e-01 6.518005976584555583e+01
1.229090909090909123e-01 6.516839991456923542e+01
1.244141414141414215e-01 6.515437210442314608e+01
1.259191919191919029e-01 6.513803353326753154e+01
1.274242424242424399e-01 6.511943929137170528e+01
1.289292929292929213e-01 6.509864246463705229e+01
1.304343434343434305e-01 6.507569423155949551e+01
1.319393939393939397e-01 6.505064395438296287e+01
1.334444444444444489e-01 6.502353926485552904e+01
1.349494949494949581e-01 6.499442614496784643e+01
1.364545454545454672e-01 6.496334900302240101e+01
1.379595959595959487e-01 6.493035074535404760e+01
1.394646464646464579e-01 6.489547284399651517e+01
1.409696969696969671e-01 6.485875540056778732e+01
1.424747474747474763e-01 6.482023720662462551e+01
1.439797979797979854e-01 6.477995580071866755e+01
1.454848484848484946e-01 6.473794752236727845e+01
1.469898989898990038e-01 6.469424756313900104e+01
1.484949494949494853e-01 6.464889001503539134e+01
1.499999999999999944e-01 6.460190791634016705e+01
